  la-gfswitch.cpp
C:\Program Files (x86)\Windows Kits\10\Include\10.0.18362.0\um\minwinbase.h(47,18): error C3646: nLength: неизвестный спецификатор переопределения
C:\Program Files (x86)\Windows Kits\10\Include\10.0.18362.0\um\minwinbase.h(47,18): error C4430: отсутствует спецификатор типа - предполагается int. Примечание. C++ не поддерживает int по умолчанию
C:\Program Files (x86)\Windows Kits\10\Include\10.0.18362.0\um\minwinbase.h(48,32): error C3646: lpSecurityDescriptor: неизвестный спецификатор переопределения
C:\Program Files (x86)\Windows Kits\10\Include\10.0.18362.0\um\minwinbase.h(48,32): error C4430: отсутствует спецификатор типа - предполагается int. Примечание. C++ не поддерживает int по умолчанию
C:\Program Files (x86)\Windows Kits\10\Include\10.0.18362.0\um\minwinbase.h(49,24): error C3646: bInheritHandle: неизвестный спецификатор переопределения
C:\Program Files (x86)\Windows Kits\10\Include\10.0.18362.0\um\minwinbase.h(49,24): error C4430: отсутствует спецификатор типа - предполагается int. Примечание. C++ не поддерживает int по умолчанию
C:\Program Files (x86)\Windows Kits\10\Include\10.0.18362.0\um\minwinbase.h(53,23): error C3646: Internal: неизвестный спецификатор переопределения
C:\Program Files (x86)\Windows Kits\10\Include\10.0.18362.0\um\minwinbase.h(53,23): error C4430: отсутствует спецификатор типа - предполагается int. Примечание. C++ не поддерживает int по умолчанию
C:\Program Files (x86)\Windows Kits\10\Include\10.0.18362.0\um\minwinbase.h(54,27): error C3646: InternalHigh: неизвестный спецификатор переопределения
C:\Program Files (x86)\Windows Kits\10\Include\10.0.18362.0\um\minwinbase.h(54,27): error C4430: отсутствует спецификатор типа - предполагается int. Примечание. C++ не поддерживает int по умолчанию
C:\Program Files (x86)\Windows Kits\10\Include\10.0.18362.0\um\minwinbase.h(57,25): error C3646: Offset: неизвестный спецификатор переопределения
C:\Program Files (x86)\Windows Kits\10\Include\10.0.18362.0\um\minwinbase.h(57,25): error C4430: отсутствует спецификатор типа - предполагается int. Примечание. C++ не поддерживает int по умолчанию
C:\Program Files (x86)\Windows Kits\10\Include\10.0.18362.0\um\minwinbase.h(58,29): error C3646: OffsetHigh: неизвестный спецификатор переопределения
C:\Program Files (x86)\Windows Kits\10\Include\10.0.18362.0\um\minwinbase.h(58,29): error C4430: отсутствует спецификатор типа - предполагается int. Примечание. C++ не поддерживает int по умолчанию
C:\Program Files (x86)\Windows Kits\10\Include\10.0.18362.0\um\minwinbase.h(60,22): error C3646: Pointer: неизвестный спецификатор переопределения
C:\Program Files (x86)\Windows Kits\10\Include\10.0.18362.0\um\minwinbase.h(60,22): error C4430: отсутствует спецификатор типа - предполагается int. Примечание. C++ не поддерживает int по умолчанию
C:\Program Files (x86)\Windows Kits\10\Include\10.0.18362.0\um\minwinbase.h(63,19): error C3646: hEvent: неизвестный спецификатор переопределения
C:\Program Files (x86)\Windows Kits\10\Include\10.0.18362.0\um\minwinbase.h(63,19): error C4430: отсутствует спецификатор типа - предполагается int. Примечание. C++ не поддерживает int по умолчанию
C:\Program Files (x86)\Windows Kits\10\Include\10.0.18362.0\um\minwinbase.h(67,30): error C3646: lpCompletionKey: неизвестный спецификатор переопределения
C:\Program Files (x86)\Windows Kits\10\Include\10.0.18362.0\um\minwinbase.h(67,30): error C4430: отсутствует спецификатор типа - предполагается int. Примечание. C++ не поддерживает int по умолчанию
C:\Program Files (x86)\Windows Kits\10\Include\10.0.18362.0\um\minwinbase.h(69,23): error C3646: Internal: неизвестный спецификатор переопределения
C:\Program Files (x86)\Windows Kits\10\Include\10.0.18362.0\um\minwinbase.h(69,23): error C4430: отсутствует спецификатор типа - предполагается int. Примечание. C++ не поддерживает int по умолчанию
C:\Program Files (x86)\Windows Kits\10\Include\10.0.18362.0\um\minwinbase.h(70,37): error C3646: dwNumberOfBytesTransferred: неизвестный спецификатор переопределения
C:\Program Files (x86)\Windows Kits\10\Include\10.0.18362.0\um\minwinbase.h(70,37): error C4430: отсутствует спецификатор типа - предполагается int. Примечание. C++ не поддерживает int по умолчанию
C:\Program Files (x86)\Windows Kits\10\Include\10.0.18362.0\um\minwinbase.h(81,24): error C3646: dwLowDateTime: неизвестный спецификатор переопределения
C:\Program Files (x86)\Windows Kits\10\Include\10.0.18362.0\um\minwinbase.h(81,24): error C4430: отсутствует спецификатор типа - предполагается int. Примечание. C++ не поддерживает int по умолчанию
C:\Program Files (x86)\Windows Kits\10\Include\10.0.18362.0\um\minwinbase.h(82,25): error C3646: dwHighDateTime: неизвестный спецификатор переопределения
C:\Program Files (x86)\Windows Kits\10\Include\10.0.18362.0\um\minwinbase.h(82,25): error C4430: отсутствует спецификатор типа - предполагается int. Примечание. C++ не поддерживает int по умолчанию
C:\Program Files (x86)\Windows Kits\10\Include\10.0.18362.0\um\minwinbase.h(91,15): error C3646: wYear: неизвестный спецификатор переопределения
C:\Program Files (x86)\Windows Kits\10\Include\10.0.18362.0\um\minwinbase.h(91,15): error C4430: отсутствует спецификатор типа - предполагается int. Примечание. C++ не поддерживает int по умолчанию
C:\Program Files (x86)\Windows Kits\10\Include\10.0.18362.0\um\minwinbase.h(92,16): error C3646: wMonth: неизвестный спецификатор переопределения
C:\Program Files (x86)\Windows Kits\10\Include\10.0.18362.0\um\minwinbase.h(92,16): error C4430: отсутствует спецификатор типа - предполагается int. Примечание. C++ не поддерживает int по умолчанию
C:\Program Files (x86)\Windows Kits\10\Include\10.0.18362.0\um\minwinbase.h(93,20): error C3646: wDayOfWeek: неизвестный спецификатор переопределения
C:\Program Files (x86)\Windows Kits\10\Include\10.0.18362.0\um\minwinbase.h(93,20): error C4430: отсутствует спецификатор типа - предполагается int. Примечание. C++ не поддерживает int по умолчанию
C:\Program Files (x86)\Windows Kits\10\Include\10.0.18362.0\um\minwinbase.h(94,14): error C3646: wDay: неизвестный спецификатор переопределения
C:\Program Files (x86)\Windows Kits\10\Include\10.0.18362.0\um\minwinbase.h(94,14): error C4430: отсутствует спецификатор типа - предполагается int. Примечание. C++ не поддерживает int по умолчанию
C:\Program Files (x86)\Windows Kits\10\Include\10.0.18362.0\um\minwinbase.h(95,15): error C3646: wHour: неизвестный спецификатор переопределения
C:\Program Files (x86)\Windows Kits\10\Include\10.0.18362.0\um\minwinbase.h(95,15): error C4430: отсутствует спецификатор типа - предполагается int. Примечание. C++ не поддерживает int по умолчанию
C:\Program Files (x86)\Windows Kits\10\Include\10.0.18362.0\um\minwinbase.h(96,17): error C3646: wMinute: неизвестный спецификатор переопределения
C:\Program Files (x86)\Windows Kits\10\Include\10.0.18362.0\um\minwinbase.h(96,17): error C4430: отсутствует спецификатор типа - предполагается int. Примечание. C++ не поддерживает int по умолчанию
C:\Program Files (x86)\Windows Kits\10\Include\10.0.18362.0\um\minwinbase.h(97,17): error C3646: wSecond: неизвестный спецификатор переопределения
C:\Program Files (x86)\Windows Kits\10\Include\10.0.18362.0\um\minwinbase.h(97,17): error C4430: отсутствует спецификатор типа - предполагается int. Примечание. C++ не поддерживает int по умолчанию
C:\Program Files (x86)\Windows Kits\10\Include\10.0.18362.0\um\minwinbase.h(98,23): error C3646: wMilliseconds: неизвестный спецификатор переопределения
C:\Program Files (x86)\Windows Kits\10\Include\10.0.18362.0\um\minwinbase.h(98,23): error C4430: отсутствует спецификатор типа - предполагается int. Примечание. C++ не поддерживает int по умолчанию
C:\Program Files (x86)\Windows Kits\10\Include\10.0.18362.0\um\minwinbase.h(103,27): error C3646: dwFileAttributes: неизвестный спецификатор переопределения
C:\Program Files (x86)\Windows Kits\10\Include\10.0.18362.0\um\minwinbase.h(103,27): error C4430: отсутствует спецификатор типа - предполагается int. Примечание. C++ не поддерживает int по умолчанию
C:\Program Files (x86)\Windows Kits\10\Include\10.0.18362.0\um\minwinbase.h(107,24): error C3646: nFileSizeHigh: неизвестный спецификатор переопределения
C:\Program Files (x86)\Windows Kits\10\Include\10.0.18362.0\um\minwinbase.h(107,24): error C4430: отсутствует спецификатор типа - предполагается int. Примечание. C++ не поддерживает int по умолчанию
C:\Program Files (x86)\Windows Kits\10\Include\10.0.18362.0\um\minwinbase.h(108,23): error C3646: nFileSizeLow: неизвестный спецификатор переопределения
C:\Program Files (x86)\Windows Kits\10\Include\10.0.18362.0\um\minwinbase.h(108,23): error C4430: отсутствует спецификатор типа - предполагается int. Примечание. C++ не поддерживает int по умолчанию
C:\Program Files (x86)\Windows Kits\10\Include\10.0.18362.0\um\minwinbase.h(109,22): error C3646: dwReserved0: неизвестный спецификатор переопределения
C:\Program Files (x86)\Windows Kits\10\Include\10.0.18362.0\um\minwinbase.h(109,22): error C4430: отсутствует спецификатор типа - предполагается int. Примечание. C++ не поддерживает int по умолчанию
C:\Program Files (x86)\Windows Kits\10\Include\10.0.18362.0\um\minwinbase.h(110,22): error C3646: dwReserved1: неизвестный спецификатор переопределения
C:\Program Files (x86)\Windows Kits\10\Include\10.0.18362.0\um\minwinbase.h(110,22): error C4430: отсутствует спецификатор типа - предполагается int. Примечание. C++ не поддерживает int по умолчанию
C:\Program Files (x86)\Windows Kits\10\Include\10.0.18362.0\um\minwinbase.h(111,31): error C3646: cFileName: неизвестный спецификатор переопределения
C:\Program Files (x86)\Windows Kits\10\Include\10.0.18362.0\um\minwinbase.h(111,31): error C2143: синтаксическая ошибка: отсутствие "," перед "["
C:\Program Files (x86)\Windows Kits\10\Include\10.0.18362.0\um\minwinbase.h(111,43): error C2143: синтаксическая ошибка: отсутствие ")" перед ";"
C:\Program Files (x86)\Windows Kits\10\Include\10.0.18362.0\um\minwinbase.h(111,43): error C2238: непредвиденные лексемы перед ";"
C:\Program Files (x86)\Windows Kits\10\Include\10.0.18362.0\um\minwinbase.h(112,40): error C3646: cAlternateFileName: неизвестный спецификатор переопределения
C:\Program Files (x86)\Windows Kits\10\Include\10.0.18362.0\um\minwinbase.h(112,40): error C2143: синтаксическая ошибка: отсутствие "," перед "["
C:\Program Files (x86)\Windows Kits\10\Include\10.0.18362.0\um\minwinbase.h(112,46): error C2143: синтаксическая ошибка: отсутствие ")" перед ";"
C:\Program Files (x86)\Windows Kits\10\Include\10.0.18362.0\um\minwinbase.h(112,46): error C2238: непредвиденные лексемы перед ";"
C:\Program Files (x86)\Windows Kits\10\Include\10.0.18362.0\um\minwinbase.h(120,27): error C3646: dwFileAttributes: неизвестный спецификатор переопределения
C:\Program Files (x86)\Windows Kits\10\Include\10.0.18362.0\um\minwinbase.h(120,27): error C4430: отсутствует спецификатор типа - предполагается int. Примечание. C++ не поддерживает int по умолчанию
C:\Program Files (x86)\Windows Kits\10\Include\10.0.18362.0\um\minwinbase.h(124,24): error C3646: nFileSizeHigh: неизвестный спецификатор переопределения
C:\Program Files (x86)\Windows Kits\10\Include\10.0.18362.0\um\minwinbase.h(124,24): error C4430: отсутствует спецификатор типа - предполагается int. Примечание. C++ не поддерживает int по умолчанию
C:\Program Files (x86)\Windows Kits\10\Include\10.0.18362.0\um\minwinbase.h(125,23): error C3646: nFileSizeLow: неизвестный спецификатор переопределения
C:\Program Files (x86)\Windows Kits\10\Include\10.0.18362.0\um\minwinbase.h(125,23): error C4430: отсутствует спецификатор типа - предполагается int. Примечание. C++ не поддерживает int по умолчанию
C:\Program Files (x86)\Windows Kits\10\Include\10.0.18362.0\um\minwinbase.h(126,22): error C3646: dwReserved0: неизвестный спецификатор переопределения
C:\Program Files (x86)\Windows Kits\10\Include\10.0.18362.0\um\minwinbase.h(126,22): error C4430: отсутствует спецификатор типа - предполагается int. Примечание. C++ не поддерживает int по умолчанию
C:\Program Files (x86)\Windows Kits\10\Include\10.0.18362.0\um\minwinbase.h(127,22): error C3646: dwReserved1: неизвестный спецификатор переопределения
C:\Program Files (x86)\Windows Kits\10\Include\10.0.18362.0\um\minwinbase.h(127,22): error C4430: отсутствует спецификатор типа - предполагается int. Примечание. C++ не поддерживает int по умолчанию
C:\Program Files (x86)\Windows Kits\10\Include\10.0.18362.0\um\minwinbase.h(128,31): error C3646: cFileName: неизвестный спецификатор переопределения
C:\Program Files (x86)\Windows Kits\10\Include\10.0.18362.0\um\minwinbase.h(128,31): error C2143: синтаксическая ошибка: отсутствие "," перед "["
C:\Program Files (x86)\Windows Kits\10\Include\10.0.18362.0\um\minwinbase.h(128,43): error C2143: синтаксическая ошибка: отсутствие ")" перед ";"
C:\Program Files (x86)\Windows Kits\10\Include\10.0.18362.0\um\minwinbase.h(128,43): error C2238: непредвиденные лексемы перед ";"
C:\Program Files (x86)\Windows Kits\10\Include\10.0.18362.0\um\minwinbase.h(129,40): error C3646: cAlternateFileName: неизвестный спецификатор переопределения
C:\Program Files (x86)\Windows Kits\10\Include\10.0.18362.0\um\minwinbase.h(129,40): error C2143: синтаксическая ошибка: отсутствие "," перед "["
C:\Program Files (x86)\Windows Kits\10\Include\10.0.18362.0\um\minwinbase.h(129,46): error C2143: синтаксическая ошибка: отсутствие ")" перед ";"
C:\Program Files (x86)\Windows Kits\10\Include\10.0.18362.0\um\minwinbase.h(129,46): error C2238: непредвиденные лексемы перед ";"
C:\Program Files (x86)\Windows Kits\10\Include\10.0.18362.0\um\minwinbase.h(217,46): error C4430: отсутствует спецификатор типа - предполагается int. Примечание. C++ не поддерживает int по умолчанию
C:\Program Files (x86)\Windows Kits\10\Include\10.0.18362.0\um\minwinbase.h(217,30): error C2146: синтаксическая ошибка: отсутствие ";" перед идентификатором "CRITICAL_SECTION"
C:\Program Files (x86)\Windows Kits\10\Include\10.0.18362.0\um\minwinbase.h(218,48): error C4430: отсутствует спецификатор типа - предполагается int. Примечание. C++ не поддерживает int по умолчанию
C:\Program Files (x86)\Windows Kits\10\Include\10.0.18362.0\um\minwinbase.h(218,31): error C2146: синтаксическая ошибка: отсутствие ";" перед идентификатором "PCRITICAL_SECTION"
C:\Program Files (x86)\Windows Kits\10\Include\10.0.18362.0\um\minwinbase.h(221,58): error C4430: отсутствует спецификатор типа - предполагается int. Примечание. C++ не поддерживает int по умолчанию
C:\Program Files (x86)\Windows Kits\10\Include\10.0.18362.0\um\minwinbase.h(221,36): error C2146: синтаксическая ошибка: отсутствие ";" перед идентификатором "CRITICAL_SECTION_DEBUG"
C:\Program Files (x86)\Windows Kits\10\Include\10.0.18362.0\um\minwinbase.h(222,60): error C4430: отсутствует спецификатор типа - предполагается int. Примечание. C++ не поддерживает int по умолчанию
C:\Program Files (x86)\Windows Kits\10\Include\10.0.18362.0\um\minwinbase.h(222,37): error C2146: синтаксическая ошибка: отсутствие ";" перед идентификатором "PCRITICAL_SECTION_DEBUG"
C:\Program Files (x86)\Windows Kits\10\Include\10.0.18362.0\um\minwinbase.h(227,2): error C2065: WINAPI: необъявленный идентификатор
C:\Program Files (x86)\Windows Kits\10\Include\10.0.18362.0\um\minwinbase.h(227,10): error C2065: LPOVERLAPPED_COMPLETION_ROUTINE: необъявленный идентификатор
C:\Program Files (x86)\Windows Kits\10\Include\10.0.18362.0\um\minwinbase.h(227,41): error C4430: отсутствует спецификатор типа - предполагается int. Примечание. C++ не поддерживает int по умолчанию
C:\Program Files (x86)\Windows Kits\10\Include\10.0.18362.0\um\minwinbase.h(227,42): error C2513: int: нет переменных, объявленных перед "="
C:\Program Files (x86)\Windows Kits\10\Include\10.0.18362.0\um\minwinbase.h(227,42): error C2143: синтаксическая ошибка: отсутствие ";" перед "("
C:\Program Files (x86)\Windows Kits\10\Include\10.0.18362.0\um\minwinbase.h(228,19): error C2146: синтаксическая ошибка: отсутствие ")" перед идентификатором "dwErrorCode"
C:\Program Files (x86)\Windows Kits\10\Include\10.0.18362.0\um\minwinbase.h(228,30): error C4430: отсутствует спецификатор типа - предполагается int. Примечание. C++ не поддерживает int по умолчанию
C:\Program Files (x86)\Windows Kits\10\Include\10.0.18362.0\um\minwinbase.h(228,19): error C2146: синтаксическая ошибка: отсутствие ";" перед идентификатором "dwErrorCode"
C:\Program Files (x86)\Windows Kits\10\Include\10.0.18362.0\um\minwinbase.h(231,5): error C2059: синтаксическая ошибка: )
C:\Program Files (x86)\Windows Kits\10\Include\10.0.18362.0\um\minwinbase.h(237,17): error C3646: lpData: неизвестный спецификатор переопределения
C:\Program Files (x86)\Windows Kits\10\Include\10.0.18362.0\um\minwinbase.h(237,17): error C4430: отсутствует спецификатор типа - предполагается int. Примечание. C++ не поддерживает int по умолчанию
C:\Program Files (x86)\Windows Kits\10\Include\10.0.18362.0\um\minwinbase.h(238,17): error C3646: cbData: неизвестный спецификатор переопределения
C:\Program Files (x86)\Windows Kits\10\Include\10.0.18362.0\um\minwinbase.h(238,17): error C4430: отсутствует спецификатор типа - предполагается int. Примечание. C++ не поддерживает int по умолчанию
C:\Program Files (x86)\Windows Kits\10\Include\10.0.18362.0\um\minwinbase.h(239,20): error C3646: cbOverhead: неизвестный спецификатор переопределения
C:\Program Files (x86)\Windows Kits\10\Include\10.0.18362.0\um\minwinbase.h(239,20): error C4430: отсутствует спецификатор типа - предполагается int. Примечание. C++ не поддерживает int по умолчанию
C:\Program Files (x86)\Windows Kits\10\Include\10.0.18362.0\um\minwinbase.h(240,22): error C3646: iRegionIndex: неизвестный спецификатор переопределения
C:\Program Files (x86)\Windows Kits\10\Include\10.0.18362.0\um\minwinbase.h(240,22): error C4430: отсутствует спецификатор типа - предполагается int. Примечание. C++ не поддерживает int по умолчанию
C:\Program Files (x86)\Windows Kits\10\Include\10.0.18362.0\um\minwinbase.h(241,16): error C3646: wFlags: неизвестный спецификатор переопределения
C:\Program Files (x86)\Windows Kits\10\Include\10.0.18362.0\um\minwinbase.h(241,16): error C4430: отсутствует спецификатор типа - предполагается int. Примечание. C++ не поддерживает int по умолчанию
C:\Program Files (x86)\Windows Kits\10\Include\10.0.18362.0\um\minwinbase.h(244,24): error C3646: hMem: неизвестный спецификатор переопределения
C:\Program Files (x86)\Windows Kits\10\Include\10.0.18362.0\um\minwinbase.h(244,24): error C4430: отсутствует спецификатор типа - предполагается int. Примечание. C++ не поддерживает int по умолчанию
C:\Program Files (x86)\Windows Kits\10\Include\10.0.18362.0\um\minwinbase.h(245,29): error C3646: dwReserved: неизвестный спецификатор переопределения
C:\Program Files (x86)\Windows Kits\10\Include\10.0.18362.0\um\minwinbase.h(245,29): error C2143: синтаксическая ошибка: отсутствие "," перед "["
C:\Program Files (x86)\Windows Kits\10\Include\10.0.18362.0\um\minwinbase.h(245,34): error C2143: синтаксическая ошибка: отсутствие ")" перед ";"
C:\Program Files (x86)\Windows Kits\10\Include\10.0.18362.0\um\minwinbase.h(245,34): error C2238: непредвиденные лексемы перед ";"
C:\Program Files (x86)\Windows Kits\10\Include\10.0.18362.0\um\minwinbase.h(248,34): error C3646: dwCommittedSize: неизвестный спецификатор переопределения
C:\Program Files (x86)\Windows Kits\10\Include\10.0.18362.0\um\minwinbase.h(248,34): error C4430: отсутствует спецификатор типа - предполагается int. Примечание. C++ не поддерживает int по умолчанию
C:\Program Files (x86)\Windows Kits\10\Include\10.0.18362.0\um\minwinbase.h(249,36): error C3646: dwUnCommittedSize: неизвестный спецификатор переопределения
C:\Program Files (x86)\Windows Kits\10\Include\10.0.18362.0\um\minwinbase.h(249,36): error C4430: отсутствует спецификатор типа - предполагается int. Примечание. C++ не поддерживает int по умолчанию
C:\Program Files (x86)\Windows Kits\10\Include\10.0.18362.0\um\minwinbase.h(250,32): error C3646: lpFirstBlock: неизвестный спецификатор переопределения
C:\Program Files (x86)\Windows Kits\10\Include\10.0.18362.0\um\minwinbase.h(250,32): error C4430: отсутствует спецификатор типа - предполагается int. Примечание. C++ не поддерживает int по умолчанию
C:\Program Files (x86)\Windows Kits\10\Include\10.0.18362.0\um\minwinbase.h(251,31): error C3646: lpLastBlock: неизвестный спецификатор переопределения
C:\Program Files (x86)\Windows Kits\10\Include\10.0.18362.0\um\minwinbase.h(251,31): error C4430: отсутствует спецификатор типа - предполагается int. Примечание. C++ не поддерживает int по умолчанию
C:\Program Files (x86)\Windows Kits\10\Include\10.0.18362.0\um\minwinbase.h(264,18): error C3646: Version: неизвестный спецификатор переопределения
C:\Program Files (x86)\Windows Kits\10\Include\10.0.18362.0\um\minwinbase.h(264,18): error C4430: отсутствует спецификатор типа - предполагается int. Примечание. C++ не поддерживает int по умолчанию
C:\Program Files (x86)\Windows Kits\10\Include\10.0.18362.0\um\minwinbase.h(265,16): error C3646: Flags: неизвестный спецификатор переопределения
C:\Program Files (x86)\Windows Kits\10\Include\10.0.18362.0\um\minwinbase.h(265,16): error C4430: отсутствует спецификатор типа - предполагается int. Примечание. C++ не поддерживает int по умолчанию
C:\Program Files (x86)\Windows Kits\10\Include\10.0.18362.0\um\minwinbase.h(268,42): error C3646: LocalizedReasonModule: неизвестный спецификатор переопределения
C:\Program Files (x86)\Windows Kits\10\Include\10.0.18362.0\um\minwinbase.h(268,42): error C4430: отсутствует спецификатор типа - предполагается int. Примечание. C++ не поддерживает int по умолчанию
C:\Program Files (x86)\Windows Kits\10\Include\10.0.18362.0\um\minwinbase.h(269,36): error C3646: LocalizedReasonId: неизвестный спецификатор переопределения
C:\Program Files (x86)\Windows Kits\10\Include\10.0.18362.0\um\minwinbase.h(269,36): error C4430: отсутствует спецификатор типа - предполагается int. Примечание. C++ не поддерживает int по умолчанию
C:\Program Files (x86)\Windows Kits\10\Include\10.0.18362.0\um\minwinbase.h(270,36): error C3646: ReasonStringCount: неизвестный спецификатор переопределения
C:\Program Files (x86)\Windows Kits\10\Include\10.0.18362.0\um\minwinbase.h(270,36): error C4430: отсутствует спецификатор типа - предполагается int. Примечание. C++ не поддерживает int по умолчанию
C:\Program Files (x86)\Windows Kits\10\Include\10.0.18362.0\um\minwinbase.h(271,20): error C2143: синтаксическая ошибка: отсутствие ";" перед "*"
C:\Program Files (x86)\Windows Kits\10\Include\10.0.18362.0\um\minwinbase.h(271,20): error C4430: отсутствует спецификатор типа - предполагается int. Примечание. C++ не поддерживает int по умолчанию
C:\Program Files (x86)\Windows Kits\10\Include\10.0.18362.0\um\minwinbase.h(271,34): error C2238: непредвиденные лексемы перед ";"
C:\Program Files (x86)\Windows Kits\10\Include\10.0.18362.0\um\minwinbase.h(275,34): error C3646: SimpleReasonString: неизвестный спецификатор переопределения
C:\Program Files (x86)\Windows Kits\10\Include\10.0.18362.0\um\minwinbase.h(275,34): error C4430: отсутствует спецификатор типа - предполагается int. Примечание. C++ не поддерживает int по умолчанию
C:\Program Files (x86)\Windows Kits\10\Include\10.0.18362.0\um\minwinbase.h(292,16): error C2065: WINAPI: необъявленный идентификатор
C:\Program Files (x86)\Windows Kits\10\Include\10.0.18362.0\um\minwinbase.h(292,24): error C2065: PTHREAD_START_ROUTINE: необъявленный идентификатор
C:\Program Files (x86)\Windows Kits\10\Include\10.0.18362.0\um\minwinbase.h(292,45): error C4430: отсутствует спецификатор типа - предполагается int. Примечание. C++ не поддерживает int по умолчанию
C:\Program Files (x86)\Windows Kits\10\Include\10.0.18362.0\um\minwinbase.h(292,45): error C2378: DWORD: переопределение; символ нельзя перегрузить typedef
C:\Program Files (x86)\Windows Kits\10\Include\10.0.18362.0\um\minwinbase.h(228): message : см. объявление "DWORD"
C:\Program Files (x86)\Windows Kits\10\Include\10.0.18362.0\um\minwinbase.h(292,46): error C2513: int: нет переменных, объявленных перед "="
C:\Program Files (x86)\Windows Kits\10\Include\10.0.18362.0\um\minwinbase.h(292,46): error C2143: синтаксическая ошибка: отсутствие ";" перед "("
C:\Program Files (x86)\Windows Kits\10\Include\10.0.18362.0\um\minwinbase.h(293,12): error C2146: синтаксическая ошибка: отсутствие ")" перед идентификатором "lpThreadParameter"
C:\Program Files (x86)\Windows Kits\10\Include\10.0.18362.0\um\minwinbase.h(294,5): error C4430: отсутствует спецификатор типа - предполагается int. Примечание. C++ не поддерживает int по умолчанию
C:\Program Files (x86)\Windows Kits\10\Include\10.0.18362.0\um\minwinbase.h(293,12): error C2146: синтаксическая ошибка: отсутствие ";" перед идентификатором "lpThreadParameter"
C:\Program Files (x86)\Windows Kits\10\Include\10.0.18362.0\um\minwinbase.h(294,5): error C2059: синтаксическая ошибка: )
C:\Program Files (x86)\Windows Kits\10\Include\10.0.18362.0\um\minwinbase.h(295,53): error C4430: отсутствует спецификатор типа - предполагается int. Примечание. C++ не поддерживает int по умолчанию
C:\Program Files (x86)\Windows Kits\10\Include\10.0.18362.0\um\minwinbase.h(295,31): error C2146: синтаксическая ошибка: отсутствие ";" перед идентификатором "LPTHREAD_START_ROUTINE"
C:\Program Files (x86)\Windows Kits\10\Include\10.0.18362.0\um\minwinbase.h(297,17): error C2065: WINAPI: необъявленный идентификатор
C:\Program Files (x86)\Windows Kits\10\Include\10.0.18362.0\um\minwinbase.h(297,25): error C2065: PENCLAVE_ROUTINE: необъявленный идентификатор
C:\Program Files (x86)\Windows Kits\10\Include\10.0.18362.0\um\minwinbase.h(297,41): error C4430: отсутствует спецификатор типа - предполагается int. Примечание. C++ не поддерживает int по умолчанию
C:\Program Files (x86)\Windows Kits\10\Include\10.0.18362.0\um\minwinbase.h(297,41): error C2378: LPVOID: переопределение; символ нельзя перегрузить typedef
C:\Program Files (x86)\Windows Kits\10\Include\10.0.18362.0\um\minwinbase.h(293): message : см. объявление "LPVOID"
C:\Program Files (x86)\Windows Kits\10\Include\10.0.18362.0\um\minwinbase.h(297,42): error C2513: int: нет переменных, объявленных перед "="
C:\Program Files (x86)\Windows Kits\10\Include\10.0.18362.0\um\minwinbase.h(297,42): error C2143: синтаксическая ошибка: отсутствие ";" перед "("
C:\Program Files (x86)\Windows Kits\10\Include\10.0.18362.0\um\minwinbase.h(298,12): error C2146: синтаксическая ошибка: отсутствие ")" перед идентификатором "lpThreadParameter"
C:\Program Files (x86)\Windows Kits\10\Include\10.0.18362.0\um\minwinbase.h(299,5): error C4430: отсутствует спецификатор типа - предполагается int. Примечание. C++ не поддерживает int по умолчанию
C:\Program Files (x86)\Windows Kits\10\Include\10.0.18362.0\um\minwinbase.h(298,5): error C2086: int LPVOID: переопределение
C:\Program Files (x86)\Windows Kits\10\Include\10.0.18362.0\um\minwinbase.h(293): message : см. объявление "LPVOID"
C:\Program Files (x86)\Windows Kits\10\Include\10.0.18362.0\um\minwinbase.h(298,12): error C2146: синтаксическая ошибка: отсутствие ";" перед идентификатором "lpThreadParameter"
C:\Program Files (x86)\Windows Kits\10\Include\10.0.18362.0\um\minwinbase.h(299,5): error C2059: синтаксическая ошибка: )
C:\Program Files (x86)\Windows Kits\10\Include\10.0.18362.0\um\minwinbase.h(300,43): error C4430: отсутствует спецификатор типа - предполагается int. Примечание. C++ не поддерживает int по умолчанию
C:\Program Files (x86)\Windows Kits\10\Include\10.0.18362.0\um\minwinbase.h(300,26): error C2146: синтаксическая ошибка: отсутствие ";" перед идентификатором "LPENCLAVE_ROUTINE"
C:\Program Files (x86)\Windows Kits\10\Include\10.0.18362.0\um\minwinbase.h(303,37): error C3646: ExceptionRecord: неизвестный спецификатор переопределения
C:\Program Files (x86)\Windows Kits\10\Include\10.0.18362.0\um\minwinbase.h(303,37): fatal error C1003: число ошибок превышает 100; остановка компиляции
